<?xml version="1.0" encoding="UTF-8"?>
<testsuite name="StockTest" tests="6" skipped="0" failures="0" errors="0" timestamp="2021-10-10T14:17:16" hostname="IND-JSCHELLI-M" time="0.006">
  <properties/>
  <testcase name="builder_setSymbol_throws_nullEmpty()" classname="StockTest" time="0.001"/>
  <testcase name="equals_asymmetric()" classname="StockTest" time="0.001"/>
  <testcase name="equals_symmetric()" classname="StockTest" time="0.0"/>
  <testcase name="getSymbol()" classname="StockTest" time="0.0"/>
  <testcase name="getPrice()" classname="StockTest" time="0.001"/>
  <testcase name="getVolatility()" classname="StockTest" time="0.001"/>
  <system-out><![CDATA[]]></system-out>
  <system-err><![CDATA[]]></system-err>
</testsuite>
