<?xml version="1.0" encoding="UTF-8"?>
<testsuite name="MarketTest" tests="1" skipped="0" failures="0" errors="0" timestamp="2021-10-10T14:17:16" hostname="IND-JSCHELLI-M" time="0.0">
  <properties/>
  <testcase name="getStocks()" classname="MarketTest" time="0.0"/>
  <system-out><![CDATA[]]></system-out>
  <system-err><![CDATA[]]></system-err>
</testsuite>
